  Game.cpp
Game.cpp(65): warning C4101: 'event_source': variable local sin referencia
LINK : warning LNK4098: la biblioteca predeterminada'LIBCMT' entra en conflicto con otras bibliotecas; use la biblioteca /NODEFAULTLIB:biblioteca
  Generando código
  1 of 1 functions (100.0%) were compiled, the rest were copied from previous compilation.
    0 functions were new in current compilation
    0 functions had inline decision re-evaluated but remain unchanged
  Generación de código finalizada
allegro_dialog-static.lib(dialog.obj) : warning LNK4099: no se encontró PDB 'allegro_dialog.pdb' con 'allegro_dialog-static.lib(dialog.obj)' o en 'D:\Programacion de Graficos I\Allegro-Pong-Abecasis\Allegro-Pong-Abecasis\Release\allegro_dialog.pdb'; se vinculará el objeto sin tener en cuenta información de depuración
allegro_dialog-static.lib(menu.obj) : warning LNK4099: no se encontró PDB 'allegro_dialog.pdb' con 'allegro_dialog-static.lib(menu.obj)' o en 'D:\Programacion de Graficos I\Allegro-Pong-Abecasis\Allegro-Pong-Abecasis\Release\allegro_dialog.pdb'; se vinculará el objeto sin tener en cuenta información de depuración
allegro_dialog-static.lib(win_dialog.obj) : warning LNK4099: no se encontró PDB 'allegro_dialog.pdb' con 'allegro_dialog-static.lib(win_dialog.obj)' o en 'D:\Programacion de Graficos I\Allegro-Pong-Abecasis\Allegro-Pong-Abecasis\Release\allegro_dialog.pdb'; se vinculará el objeto sin tener en cuenta información de depuración
allegro_image-static.lib(bmp.obj) : warning LNK4099: no se encontró PDB 'allegro_image.pdb' con 'allegro_image-static.lib(bmp.obj)' o en 'D:\Programacion de Graficos I\Allegro-Pong-Abecasis\Allegro-Pong-Abecasis\Release\allegro_image.pdb'; se vinculará el objeto sin tener en cuenta información de depuración
allegro_image-static.lib(iio.obj) : warning LNK4099: no se encontró PDB 'allegro_image.pdb' con 'allegro_image-static.lib(iio.obj)' o en 'D:\Programacion de Graficos I\Allegro-Pong-Abecasis\Allegro-Pong-Abecasis\Release\allegro_image.pdb'; se vinculará el objeto sin tener en cuenta información de depuración
allegro_image-static.lib(pcx.obj) : warning LNK4099: no se encontró PDB 'allegro_image.pdb' con 'allegro_image-static.lib(pcx.obj)' o en 'D:\Programacion de Graficos I\Allegro-Pong-Abecasis\Allegro-Pong-Abecasis\Release\allegro_image.pdb'; se vinculará el objeto sin tener en cuenta información de depuración
allegro_image-static.lib(tga.obj) : warning LNK4099: no se encontró PDB 'allegro_image.pdb' con 'allegro_image-static.lib(tga.obj)' o en 'D:\Programacion de Graficos I\Allegro-Pong-Abecasis\Allegro-Pong-Abecasis\Release\allegro_image.pdb'; se vinculará el objeto sin tener en cuenta información de depuración
allegro_image-static.lib(dds.obj) : warning LNK4099: no se encontró PDB 'allegro_image.pdb' con 'allegro_image-static.lib(dds.obj)' o en 'D:\Programacion de Graficos I\Allegro-Pong-Abecasis\Allegro-Pong-Abecasis\Release\allegro_image.pdb'; se vinculará el objeto sin tener en cuenta información de depuración
allegro_image-static.lib(identify.obj) : warning LNK4099: no se encontró PDB 'allegro_image.pdb' con 'allegro_image-static.lib(identify.obj)' o en 'D:\Programacion de Graficos I\Allegro-Pong-Abecasis\Allegro-Pong-Abecasis\Release\allegro_image.pdb'; se vinculará el objeto sin tener en cuenta información de depuración
allegro_image-static.lib(png.obj) : warning LNK4099: no se encontró PDB 'allegro_image.pdb' con 'allegro_image-static.lib(png.obj)' o en 'D:\Programacion de Graficos I\Allegro-Pong-Abecasis\Allegro-Pong-Abecasis\Release\allegro_image.pdb'; se vinculará el objeto sin tener en cuenta información de depuración
allegro_image-static.lib(jpg.obj) : warning LNK4099: no se encontró PDB 'allegro_image.pdb' con 'allegro_image-static.lib(jpg.obj)' o en 'D:\Programacion de Graficos I\Allegro-Pong-Abecasis\Allegro-Pong-Abecasis\Release\allegro_image.pdb'; se vinculará el objeto sin tener en cuenta información de depuración
allegro-static.lib(allegro.obj) : warning LNK4099: no se encontró PDB 'allegro.pdb' con 'allegro-static.lib(allegro.obj)' o en 'D:\Programacion de Graficos I\Allegro-Pong-Abecasis\Allegro-Pong-Abecasis\Release\allegro.pdb'; se vinculará el objeto sin tener en cuenta información de depuración
allegro-static.lib(bitmap.obj) : warning LNK4099: no se encontró PDB 'allegro.pdb' con 'allegro-static.lib(bitmap.obj)' o en 'D:\Programacion de Graficos I\Allegro-Pong-Abecasis\Allegro-Pong-Abecasis\Release\allegro.pdb'; se vinculará el objeto sin tener en cuenta información de depuración
allegro-static.lib(bitmap_draw.obj) : warning LNK4099: no se encontró PDB 'allegro.pdb' con 'allegro-static.lib(bitmap_draw.obj)' o en 'D:\Programacion de Graficos I\Allegro-Pong-Abecasis\Allegro-Pong-Abecasis\Release\allegro.pdb'; se vinculará el objeto sin tener en cuenta información de depuración
allegro-static.lib(bitmap_io.obj) : warning LNK4099: no se encontró PDB 'allegro.pdb' con 'allegro-static.lib(bitmap_io.obj)' o en 'D:\Programacion de Graficos I\Allegro-Pong-Abecasis\Allegro-Pong-Abecasis\Release\allegro.pdb'; se vinculará el objeto sin tener en cuenta información de depuración
allegro-static.lib(bitmap_lock.obj) : warning LNK4099: no se encontró PDB 'allegro.pdb' con 'allegro-static.lib(bitmap_lock.obj)' o en 'D:\Programacion de Graficos I\Allegro-Pong-Abecasis\Allegro-Pong-Abecasis\Release\allegro.pdb'; se vinculará el objeto sin tener en cuenta información de depuración
allegro-static.lib(bitmap_pixel.obj) : warning LNK4099: no se encontró PDB 'allegro.pdb' con 'allegro-static.lib(bitmap_pixel.obj)' o en 'D:\Programacion de Graficos I\Allegro-Pong-Abecasis\Allegro-Pong-Abecasis\Release\allegro.pdb'; se vinculará el objeto sin tener en cuenta información de depuración
allegro-static.lib(bitmap_type.obj) : warning LNK4099: no se encontró PDB 'allegro.pdb' con 'allegro-static.lib(bitmap_type.obj)' o en 'D:\Programacion de Graficos I\Allegro-Pong-Abecasis\Allegro-Pong-Abecasis\Release\allegro.pdb'; se vinculará el objeto sin tener en cuenta información de depuración
allegro-static.lib(blenders.obj) : warning LNK4099: no se encontró PDB 'allegro.pdb' con 'allegro-static.lib(blenders.obj)' o en 'D:\Programacion de Graficos I\Allegro-Pong-Abecasis\Allegro-Pong-Abecasis\Release\allegro.pdb'; se vinculará el objeto sin tener en cuenta información de depuración
allegro-static.lib(config.obj) : warning LNK4099: no se encontró PDB 'allegro.pdb' con 'allegro-static.lib(config.obj)' o en 'D:\Programacion de Graficos I\Allegro-Pong-Abecasis\Allegro-Pong-Abecasis\Release\allegro.pdb'; se vinculará el objeto sin tener en cuenta información de depuración
allegro-static.lib(convert.obj) : warning LNK4099: no se encontró PDB 'allegro.pdb' con 'allegro-static.lib(convert.obj)' o en 'D:\Programacion de Graficos I\Allegro-Pong-Abecasis\Allegro-Pong-Abecasis\Release\allegro.pdb'; se vinculará el objeto sin tener en cuenta información de depuración
allegro-static.lib(debug.obj) : warning LNK4099: no se encontró PDB 'allegro.pdb' con 'allegro-static.lib(debug.obj)' o en 'D:\Programacion de Graficos I\Allegro-Pong-Abecasis\Allegro-Pong-Abecasis\Release\allegro.pdb'; se vinculará el objeto sin tener en cuenta información de depuración
allegro-static.lib(display.obj) : warning LNK4099: no se encontró PDB 'allegro.pdb' con 'allegro-static.lib(display.obj)' o en 'D:\Programacion de Graficos I\Allegro-Pong-Abecasis\Allegro-Pong-Abecasis\Release\allegro.pdb'; se vinculará el objeto sin tener en cuenta información de depuración
allegro-static.lib(display_settings.obj) : warning LNK4099: no se encontró PDB 'allegro.pdb' con 'allegro-static.lib(display_settings.obj)' o en 'D:\Programacion de Graficos I\Allegro-Pong-Abecasis\Allegro-Pong-Abecasis\Release\allegro.pdb'; se vinculará el objeto sin tener en cuenta información de depuración
allegro-static.lib(drawing.obj) : warning LNK4099: no se encontró PDB 'allegro.pdb' con 'allegro-static.lib(drawing.obj)' o en 'D:\Programacion de Graficos I\Allegro-Pong-Abecasis\Allegro-Pong-Abecasis\Release\allegro.pdb'; se vinculará el objeto sin tener en cuenta información de depuración
allegro-static.lib(dtor.obj) : warning LNK4099: no se encontró PDB 'allegro.pdb' con 'allegro-static.lib(dtor.obj)' o en 'D:\Programacion de Graficos I\Allegro-Pong-Abecasis\Allegro-Pong-Abecasis\Release\allegro.pdb'; se vinculará el objeto sin tener en cuenta información de depuración
allegro-static.lib(events.obj) : warning LNK4099: no se encontró PDB 'allegro.pdb' con 'allegro-static.lib(events.obj)' o en 'D:\Programacion de Graficos I\Allegro-Pong-Abecasis\Allegro-Pong-Abecasis\Release\allegro.pdb'; se vinculará el objeto sin tener en cuenta información de depuración
allegro-static.lib(evtsrc.obj) : warning LNK4099: no se encontró PDB 'allegro.pdb' con 'allegro-static.lib(evtsrc.obj)' o en 'D:\Programacion de Graficos I\Allegro-Pong-Abecasis\Allegro-Pong-Abecasis\Release\allegro.pdb'; se vinculará el objeto sin tener en cuenta información de depuración
allegro-static.lib(exitfunc.obj) : warning LNK4099: no se encontró PDB 'allegro.pdb' con 'allegro-static.lib(exitfunc.obj)' o en 'D:\Programacion de Graficos I\Allegro-Pong-Abecasis\Allegro-Pong-Abecasis\Release\allegro.pdb'; se vinculará el objeto sin tener en cuenta información de depuración
allegro-static.lib(file.obj) : warning LNK4099: no se encontró PDB 'allegro.pdb' con 'allegro-static.lib(file.obj)' o en 'D:\Programacion de Graficos I\Allegro-Pong-Abecasis\Allegro-Pong-Abecasis\Release\allegro.pdb'; se vinculará el objeto sin tener en cuenta información de depuración
allegro-static.lib(file_stdio.obj) : warning LNK4099: no se encontró PDB 'allegro.pdb' con 'allegro-static.lib(file_stdio.obj)' o en 'D:\Programacion de Graficos I\Allegro-Pong-Abecasis\Allegro-Pong-Abecasis\Release\allegro.pdb'; se vinculará el objeto sin tener en cuenta información de depuración
allegro-static.lib(fshook.obj) : warning LNK4099: no se encontró PDB 'allegro.pdb' con 'allegro-static.lib(fshook.obj)' o en 'D:\Programacion de Graficos I\Allegro-Pong-Abecasis\Allegro-Pong-Abecasis\Release\allegro.pdb'; se vinculará el objeto sin tener en cuenta información de depuración
allegro-static.lib(fshook_stdio.obj) : warning LNK4099: no se encontró PDB 'allegro.pdb' con 'allegro-static.lib(fshook_stdio.obj)' o en 'D:\Programacion de Graficos I\Allegro-Pong-Abecasis\Allegro-Pong-Abecasis\Release\allegro.pdb'; se vinculará el objeto sin tener en cuenta información de depuración
allegro-static.lib(fullscreen_mode.obj) : warning LNK4099: no se encontró PDB 'allegro.pdb' con 'allegro-static.lib(fullscreen_mode.obj)' o en 'D:\Programacion de Graficos I\Allegro-Pong-Abecasis\Allegro-Pong-Abecasis\Release\allegro.pdb'; se vinculará el objeto sin tener en cuenta información de depuración
allegro-static.lib(haptic.obj) : warning LNK4099: no se encontró PDB 'allegro.pdb' con 'allegro-static.lib(haptic.obj)' o en 'D:\Programacion de Graficos I\Allegro-Pong-Abecasis\Allegro-Pong-Abecasis\Release\allegro.pdb'; se vinculará el objeto sin tener en cuenta información de depuración
allegro-static.lib(joynu.obj) : warning LNK4099: no se encontró PDB 'allegro.pdb' con 'allegro-static.lib(joynu.obj)' o en 'D:\Programacion de Graficos I\Allegro-Pong-Abecasis\Allegro-Pong-Abecasis\Release\allegro.pdb'; se vinculará el objeto sin tener en cuenta información de depuración
allegro-static.lib(keybdnu.obj) : warning LNK4099: no se encontró PDB 'allegro.pdb' con 'allegro-static.lib(keybdnu.obj)' o en 'D:\Programacion de Graficos I\Allegro-Pong-Abecasis\Allegro-Pong-Abecasis\Release\allegro.pdb'; se vinculará el objeto sin tener en cuenta información de depuración
allegro-static.lib(libc.obj) : warning LNK4099: no se encontró PDB 'allegro.pdb' con 'allegro-static.lib(libc.obj)' o en 'D:\Programacion de Graficos I\Allegro-Pong-Abecasis\Allegro-Pong-Abecasis\Release\allegro.pdb'; se vinculará el objeto sin tener en cuenta información de depuración
allegro-static.lib(memblit.obj) : warning LNK4099: no se encontró PDB 'allegro.pdb' con 'allegro-static.lib(memblit.obj)' o en 'D:\Programacion de Graficos I\Allegro-Pong-Abecasis\Allegro-Pong-Abecasis\Release\allegro.pdb'; se vinculará el objeto sin tener en cuenta información de depuración
allegro-static.lib(memdraw.obj) : warning LNK4099: no se encontró PDB 'allegro.pdb' con 'allegro-static.lib(memdraw.obj)' o en 'D:\Programacion de Graficos I\Allegro-Pong-Abecasis\Allegro-Pong-Abecasis\Release\allegro.pdb'; se vinculará el objeto sin tener en cuenta información de depuración
allegro-static.lib(memory.obj) : warning LNK4099: no se encontró PDB 'allegro.pdb' con 'allegro-static.lib(memory.obj)' o en 'D:\Programacion de Graficos I\Allegro-Pong-Abecasis\Allegro-Pong-Abecasis\Release\allegro.pdb'; se vinculará el objeto sin tener en cuenta información de depuración
allegro-static.lib(monitor.obj) : warning LNK4099: no se encontró PDB 'allegro.pdb' con 'allegro-static.lib(monitor.obj)' o en 'D:\Programacion de Graficos I\Allegro-Pong-Abecasis\Allegro-Pong-Abecasis\Release\allegro.pdb'; se vinculará el objeto sin tener en cuenta información de depuración
allegro-static.lib(mousenu.obj) : warning LNK4099: no se encontró PDB 'allegro.pdb' con 'allegro-static.lib(mousenu.obj)' o en 'D:\Programacion de Graficos I\Allegro-Pong-Abecasis\Allegro-Pong-Abecasis\Release\allegro.pdb'; se vinculará el objeto sin tener en cuenta información de depuración
allegro-static.lib(path.obj) : warning LNK4099: no se encontró PDB 'allegro.pdb' con 'allegro-static.lib(path.obj)' o en 'D:\Programacion de Graficos I\Allegro-Pong-Abecasis\Allegro-Pong-Abecasis\Release\allegro.pdb'; se vinculará el objeto sin tener en cuenta información de depuración
allegro-static.lib(pixels.obj) : warning LNK4099: no se encontró PDB 'allegro.pdb' con 'allegro-static.lib(pixels.obj)' o en 'D:\Programacion de Graficos I\Allegro-Pong-Abecasis\Allegro-Pong-Abecasis\Release\allegro.pdb'; se vinculará el objeto sin tener en cuenta información de depuración
allegro-static.lib(shader.obj) : warning LNK4099: no se encontró PDB 'allegro.pdb' con 'allegro-static.lib(shader.obj)' o en 'D:\Programacion de Graficos I\Allegro-Pong-Abecasis\Allegro-Pong-Abecasis\Release\allegro.pdb'; se vinculará el objeto sin tener en cuenta información de depuración
allegro-static.lib(system.obj) : warning LNK4099: no se encontró PDB 'allegro.pdb' con 'allegro-static.lib(system.obj)' o en 'D:\Programacion de Graficos I\Allegro-Pong-Abecasis\Allegro-Pong-Abecasis\Release\allegro.pdb'; se vinculará el objeto sin tener en cuenta información de depuración
allegro-static.lib(threads.obj) : warning LNK4099: no se encontró PDB 'allegro.pdb' con 'allegro-static.lib(threads.obj)' o en 'D:\Programacion de Graficos I\Allegro-Pong-Abecasis\Allegro-Pong-Abecasis\Release\allegro.pdb'; se vinculará el objeto sin tener en cuenta información de depuración
allegro-static.lib(timernu.obj) : warning LNK4099: no se encontró PDB 'allegro.pdb' con 'allegro-static.lib(timernu.obj)' o en 'D:\Programacion de Graficos I\Allegro-Pong-Abecasis\Allegro-Pong-Abecasis\Release\allegro.pdb'; se vinculará el objeto sin tener en cuenta información de depuración
allegro-static.lib(tls.obj) : warning LNK4099: no se encontró PDB 'allegro.pdb' con 'allegro-static.lib(tls.obj)' o en 'D:\Programacion de Graficos I\Allegro-Pong-Abecasis\Allegro-Pong-Abecasis\Release\allegro.pdb'; se vinculará el objeto sin tener en cuenta información de depuración
allegro-static.lib(touch_input.obj) : warning LNK4099: no se encontró PDB 'allegro.pdb' con 'allegro-static.lib(touch_input.obj)' o en 'D:\Programacion de Graficos I\Allegro-Pong-Abecasis\Allegro-Pong-Abecasis\Release\allegro.pdb'; se vinculará el objeto sin tener en cuenta información de depuración
allegro-static.lib(transformations.obj) : warning LNK4099: no se encontró PDB 'allegro.pdb' con 'allegro-static.lib(transformations.obj)' o en 'D:\Programacion de Graficos I\Allegro-Pong-Abecasis\Allegro-Pong-Abecasis\Release\allegro.pdb'; se vinculará el objeto sin tener en cuenta información de depuración
allegro-static.lib(tri_soft.obj) : warning LNK4099: no se encontró PDB 'allegro.pdb' con 'allegro-static.lib(tri_soft.obj)' o en 'D:\Programacion de Graficos I\Allegro-Pong-Abecasis\Allegro-Pong-Abecasis\Release\allegro.pdb'; se vinculará el objeto sin tener en cuenta información de depuración
allegro-static.lib(utf8.obj) : warning LNK4099: no se encontró PDB 'allegro.pdb' con 'allegro-static.lib(utf8.obj)' o en 'D:\Programacion de Graficos I\Allegro-Pong-Abecasis\Allegro-Pong-Abecasis\Release\allegro.pdb'; se vinculará el objeto sin tener en cuenta información de depuración
allegro-static.lib(aatree.obj) : warning LNK4099: no se encontró PDB 'allegro.pdb' con 'allegro-static.lib(aatree.obj)' o en 'D:\Programacion de Graficos I\Allegro-Pong-Abecasis\Allegro-Pong-Abecasis\Release\allegro.pdb'; se vinculará el objeto sin tener en cuenta información de depuración
allegro-static.lib(bstrlib.obj) : warning LNK4099: no se encontró PDB 'allegro.pdb' con 'allegro-static.lib(bstrlib.obj)' o en 'D:\Programacion de Graficos I\Allegro-Pong-Abecasis\Allegro-Pong-Abecasis\Release\allegro.pdb'; se vinculará el objeto sin tener en cuenta información de depuración
allegro-static.lib(vector.obj) : warning LNK4099: no se encontró PDB 'allegro.pdb' con 'allegro-static.lib(vector.obj)' o en 'D:\Programacion de Graficos I\Allegro-Pong-Abecasis\Allegro-Pong-Abecasis\Release\allegro.pdb'; se vinculará el objeto sin tener en cuenta información de depuración
allegro-static.lib(wclipboard.obj) : warning LNK4099: no se encontró PDB 'allegro.pdb' con 'allegro-static.lib(wclipboard.obj)' o en 'D:\Programacion de Graficos I\Allegro-Pong-Abecasis\Allegro-Pong-Abecasis\Release\allegro.pdb'; se vinculará el objeto sin tener en cuenta información de depuración
allegro-static.lib(whapall.obj) : warning LNK4099: no se encontró PDB 'allegro.pdb' con 'allegro-static.lib(whapall.obj)' o en 'D:\Programacion de Graficos I\Allegro-Pong-Abecasis\Allegro-Pong-Abecasis\Release\allegro.pdb'; se vinculará el objeto sin tener en cuenta información de depuración
allegro-static.lib(whapxi.obj) : warning LNK4099: no se encontró PDB 'allegro.pdb' con 'allegro-static.lib(whapxi.obj)' o en 'D:\Programacion de Graficos I\Allegro-Pong-Abecasis\Allegro-Pong-Abecasis\Release\allegro.pdb'; se vinculará el objeto sin tener en cuenta información de depuración
allegro-static.lib(wjoyall.obj) : warning LNK4099: no se encontró PDB 'allegro.pdb' con 'allegro-static.lib(wjoyall.obj)' o en 'D:\Programacion de Graficos I\Allegro-Pong-Abecasis\Allegro-Pong-Abecasis\Release\allegro.pdb'; se vinculará el objeto sin tener en cuenta información de depuración
allegro-static.lib(wjoydxnu.obj) : warning LNK4099: no se encontró PDB 'allegro.pdb' con 'allegro-static.lib(wjoydxnu.obj)' o en 'D:\Programacion de Graficos I\Allegro-Pong-Abecasis\Allegro-Pong-Abecasis\Release\allegro.pdb'; se vinculará el objeto sin tener en cuenta información de depuración
allegro-static.lib(wjoyxi.obj) : warning LNK4099: no se encontró PDB 'allegro.pdb' con 'allegro-static.lib(wjoyxi.obj)' o en 'D:\Programacion de Graficos I\Allegro-Pong-Abecasis\Allegro-Pong-Abecasis\Release\allegro.pdb'; se vinculará el objeto sin tener en cuenta información de depuración
allegro-static.lib(wkeyboard.obj) : warning LNK4099: no se encontró PDB 'allegro.pdb' con 'allegro-static.lib(wkeyboard.obj)' o en 'D:\Programacion de Graficos I\Allegro-Pong-Abecasis\Allegro-Pong-Abecasis\Release\allegro.pdb'; se vinculará el objeto sin tener en cuenta información de depuración
allegro-static.lib(wmcursor.obj) : warning LNK4099: no se encontró PDB 'allegro.pdb' con 'allegro-static.lib(wmcursor.obj)' o en 'D:\Programacion de Graficos I\Allegro-Pong-Abecasis\Allegro-Pong-Abecasis\Release\allegro.pdb'; se vinculará el objeto sin tener en cuenta información de depuración
allegro-static.lib(wmouse.obj) : warning LNK4099: no se encontró PDB 'allegro.pdb' con 'allegro-static.lib(wmouse.obj)' o en 'D:\Programacion de Graficos I\Allegro-Pong-Abecasis\Allegro-Pong-Abecasis\Release\allegro.pdb'; se vinculará el objeto sin tener en cuenta información de depuración
allegro-static.lib(wsystem.obj) : warning LNK4099: no se encontró PDB 'allegro.pdb' con 'allegro-static.lib(wsystem.obj)' o en 'D:\Programacion de Graficos I\Allegro-Pong-Abecasis\Allegro-Pong-Abecasis\Release\allegro.pdb'; se vinculará el objeto sin tener en cuenta información de depuración
allegro-static.lib(wthread.obj) : warning LNK4099: no se encontró PDB 'allegro.pdb' con 'allegro-static.lib(wthread.obj)' o en 'D:\Programacion de Graficos I\Allegro-Pong-Abecasis\Allegro-Pong-Abecasis\Release\allegro.pdb'; se vinculará el objeto sin tener en cuenta información de depuración
allegro-static.lib(wtime.obj) : warning LNK4099: no se encontró PDB 'allegro.pdb' con 'allegro-static.lib(wtime.obj)' o en 'D:\Programacion de Graficos I\Allegro-Pong-Abecasis\Allegro-Pong-Abecasis\Release\allegro.pdb'; se vinculará el objeto sin tener en cuenta información de depuración
allegro-static.lib(wtouch_input.obj) : warning LNK4099: no se encontró PDB 'allegro.pdb' con 'allegro-static.lib(wtouch_input.obj)' o en 'D:\Programacion de Graficos I\Allegro-Pong-Abecasis\Allegro-Pong-Abecasis\Release\allegro.pdb'; se vinculará el objeto sin tener en cuenta información de depuración
allegro-static.lib(wunicode.obj) : warning LNK4099: no se encontró PDB 'allegro.pdb' con 'allegro-static.lib(wunicode.obj)' o en 'D:\Programacion de Graficos I\Allegro-Pong-Abecasis\Allegro-Pong-Abecasis\Release\allegro.pdb'; se vinculará el objeto sin tener en cuenta información de depuración
allegro-static.lib(wwindow.obj) : warning LNK4099: no se encontró PDB 'allegro.pdb' con 'allegro-static.lib(wwindow.obj)' o en 'D:\Programacion de Graficos I\Allegro-Pong-Abecasis\Allegro-Pong-Abecasis\Release\allegro.pdb'; se vinculará el objeto sin tener en cuenta información de depuración
allegro-static.lib(wxthread.obj) : warning LNK4099: no se encontró PDB 'allegro.pdb' con 'allegro-static.lib(wxthread.obj)' o en 'D:\Programacion de Graficos I\Allegro-Pong-Abecasis\Allegro-Pong-Abecasis\Release\allegro.pdb'; se vinculará el objeto sin tener en cuenta información de depuración
allegro-static.lib(d3d_bmp.obj) : warning LNK4099: no se encontró PDB 'allegro.pdb' con 'allegro-static.lib(d3d_bmp.obj)' o en 'D:\Programacion de Graficos I\Allegro-Pong-Abecasis\Allegro-Pong-Abecasis\Release\allegro.pdb'; se vinculará el objeto sin tener en cuenta información de depuración
allegro-static.lib(d3d_disp.obj) : warning LNK4099: no se encontró PDB 'allegro.pdb' con 'allegro-static.lib(d3d_disp.obj)' o en 'D:\Programacion de Graficos I\Allegro-Pong-Abecasis\Allegro-Pong-Abecasis\Release\allegro.pdb'; se vinculará el objeto sin tener en cuenta información de depuración
allegro-static.lib(d3d_display_formats.obj) : warning LNK4099: no se encontró PDB 'allegro.pdb' con 'allegro-static.lib(d3d_display_formats.obj)' o en 'D:\Programacion de Graficos I\Allegro-Pong-Abecasis\Allegro-Pong-Abecasis\Release\allegro.pdb'; se vinculará el objeto sin tener en cuenta información de depuración
allegro-static.lib(d3d_render_state.obj) : warning LNK4099: no se encontró PDB 'allegro.pdb' con 'allegro-static.lib(d3d_render_state.obj)' o en 'D:\Programacion de Graficos I\Allegro-Pong-Abecasis\Allegro-Pong-Abecasis\Release\allegro.pdb'; se vinculará el objeto sin tener en cuenta información de depuración
allegro-static.lib(d3d_shader.obj) : warning LNK4099: no se encontró PDB 'allegro.pdb' con 'allegro-static.lib(d3d_shader.obj)' o en 'D:\Programacion de Graficos I\Allegro-Pong-Abecasis\Allegro-Pong-Abecasis\Release\allegro.pdb'; se vinculará el objeto sin tener en cuenta información de depuración
allegro-static.lib(d3d_d3dx9.obj) : warning LNK4099: no se encontró PDB 'allegro.pdb' con 'allegro-static.lib(d3d_d3dx9.obj)' o en 'D:\Programacion de Graficos I\Allegro-Pong-Abecasis\Allegro-Pong-Abecasis\Release\allegro.pdb'; se vinculará el objeto sin tener en cuenta información de depuración
allegro-static.lib(extensions.obj) : warning LNK4099: no se encontró PDB 'allegro.pdb' con 'allegro-static.lib(extensions.obj)' o en 'D:\Programacion de Graficos I\Allegro-Pong-Abecasis\Allegro-Pong-Abecasis\Release\allegro.pdb'; se vinculará el objeto sin tener en cuenta información de depuración
allegro-static.lib(ogl_bitmap.obj) : warning LNK4099: no se encontró PDB 'allegro.pdb' con 'allegro-static.lib(ogl_bitmap.obj)' o en 'D:\Programacion de Graficos I\Allegro-Pong-Abecasis\Allegro-Pong-Abecasis\Release\allegro.pdb'; se vinculará el objeto sin tener en cuenta información de depuración
allegro-static.lib(ogl_display.obj) : warning LNK4099: no se encontró PDB 'allegro.pdb' con 'allegro-static.lib(ogl_display.obj)' o en 'D:\Programacion de Graficos I\Allegro-Pong-Abecasis\Allegro-Pong-Abecasis\Release\allegro.pdb'; se vinculará el objeto sin tener en cuenta información de depuración
allegro-static.lib(ogl_draw.obj) : warning LNK4099: no se encontró PDB 'allegro.pdb' con 'allegro-static.lib(ogl_draw.obj)' o en 'D:\Programacion de Graficos I\Allegro-Pong-Abecasis\Allegro-Pong-Abecasis\Release\allegro.pdb'; se vinculará el objeto sin tener en cuenta información de depuración
allegro-static.lib(ogl_fbo.obj) : warning LNK4099: no se encontró PDB 'allegro.pdb' con 'allegro-static.lib(ogl_fbo.obj)' o en 'D:\Programacion de Graficos I\Allegro-Pong-Abecasis\Allegro-Pong-Abecasis\Release\allegro.pdb'; se vinculará el objeto sin tener en cuenta información de depuración
allegro-static.lib(ogl_lock.obj) : warning LNK4099: no se encontró PDB 'allegro.pdb' con 'allegro-static.lib(ogl_lock.obj)' o en 'D:\Programacion de Graficos I\Allegro-Pong-Abecasis\Allegro-Pong-Abecasis\Release\allegro.pdb'; se vinculará el objeto sin tener en cuenta información de depuración
allegro-static.lib(ogl_render_state.obj) : warning LNK4099: no se encontró PDB 'allegro.pdb' con 'allegro-static.lib(ogl_render_state.obj)' o en 'D:\Programacion de Graficos I\Allegro-Pong-Abecasis\Allegro-Pong-Abecasis\Release\allegro.pdb'; se vinculará el objeto sin tener en cuenta información de depuración
allegro-static.lib(ogl_shader.obj) : warning LNK4099: no se encontró PDB 'allegro.pdb' con 'allegro-static.lib(ogl_shader.obj)' o en 'D:\Programacion de Graficos I\Allegro-Pong-Abecasis\Allegro-Pong-Abecasis\Release\allegro.pdb'; se vinculará el objeto sin tener en cuenta información de depuración
allegro-static.lib(wgl_disp.obj) : warning LNK4099: no se encontró PDB 'allegro.pdb' con 'allegro-static.lib(wgl_disp.obj)' o en 'D:\Programacion de Graficos I\Allegro-Pong-Abecasis\Allegro-Pong-Abecasis\Release\allegro.pdb'; se vinculará el objeto sin tener en cuenta información de depuración
allegro-static.lib(whaptic.cpp.obj) : warning LNK4099: no se encontró PDB 'allegro.pdb' con 'allegro-static.lib(whaptic.cpp.obj)' o en 'D:\Programacion de Graficos I\Allegro-Pong-Abecasis\Allegro-Pong-Abecasis\Release\allegro.pdb'; se vinculará el objeto sin tener en cuenta información de depuración
jpeg.lib(jcapimin.obj) : warning LNK4099: no se encontró PDB 'jpeg.pdb' con 'jpeg.lib(jcapimin.obj)' o en 'D:\Programacion de Graficos I\Allegro-Pong-Abecasis\Allegro-Pong-Abecasis\Release\jpeg.pdb'; se vinculará el objeto sin tener en cuenta información de depuración
jpeg.lib(jcapistd.obj) : warning LNK4099: no se encontró PDB 'jpeg.pdb' con 'jpeg.lib(jcapistd.obj)' o en 'D:\Programacion de Graficos I\Allegro-Pong-Abecasis\Allegro-Pong-Abecasis\Release\jpeg.pdb'; se vinculará el objeto sin tener en cuenta información de depuración
jpeg.lib(jccoefct.obj) : warning LNK4099: no se encontró PDB 'jpeg.pdb' con 'jpeg.lib(jccoefct.obj)' o en 'D:\Programacion de Graficos I\Allegro-Pong-Abecasis\Allegro-Pong-Abecasis\Release\jpeg.pdb'; se vinculará el objeto sin tener en cuenta información de depuración
jpeg.lib(jccolor.obj) : warning LNK4099: no se encontró PDB 'jpeg.pdb' con 'jpeg.lib(jccolor.obj)' o en 'D:\Programacion de Graficos I\Allegro-Pong-Abecasis\Allegro-Pong-Abecasis\Release\jpeg.pdb'; se vinculará el objeto sin tener en cuenta información de depuración
jpeg.lib(jcdctmgr.obj) : warning LNK4099: no se encontró PDB 'jpeg.pdb' con 'jpeg.lib(jcdctmgr.obj)' o en 'D:\Programacion de Graficos I\Allegro-Pong-Abecasis\Allegro-Pong-Abecasis\Release\jpeg.pdb'; se vinculará el objeto sin tener en cuenta información de depuración
jpeg.lib(jchuff.obj) : warning LNK4099: no se encontró PDB 'jpeg.pdb' con 'jpeg.lib(jchuff.obj)' o en 'D:\Programacion de Graficos I\Allegro-Pong-Abecasis\Allegro-Pong-Abecasis\Release\jpeg.pdb'; se vinculará el objeto sin tener en cuenta información de depuración
jpeg.lib(jcinit.obj) : warning LNK4099: no se encontró PDB 'jpeg.pdb' con 'jpeg.lib(jcinit.obj)' o en 'D:\Programacion de Graficos I\Allegro-Pong-Abecasis\Allegro-Pong-Abecasis\Release\jpeg.pdb'; se vinculará el objeto sin tener en cuenta información de depuración
jpeg.lib(jcmainct.obj) : warning LNK4099: no se encontró PDB 'jpeg.pdb' con 'jpeg.lib(jcmainct.obj)' o en 'D:\Programacion de Graficos I\Allegro-Pong-Abecasis\Allegro-Pong-Abecasis\Release\jpeg.pdb'; se vinculará el objeto sin tener en cuenta información de depuración
jpeg.lib(jcmarker.obj) : warning LNK4099: no se encontró PDB 'jpeg.pdb' con 'jpeg.lib(jcmarker.obj)' o en 'D:\Programacion de Graficos I\Allegro-Pong-Abecasis\Allegro-Pong-Abecasis\Release\jpeg.pdb'; se vinculará el objeto sin tener en cuenta información de depuración
jpeg.lib(jcmaster.obj) : warning LNK4099: no se encontró PDB 'jpeg.pdb' con 'jpeg.lib(jcmaster.obj)' o en 'D:\Programacion de Graficos I\Allegro-Pong-Abecasis\Allegro-Pong-Abecasis\Release\jpeg.pdb'; se vinculará el objeto sin tener en cuenta información de depuración
jpeg.lib(jcomapi.obj) : warning LNK4099: no se encontró PDB 'jpeg.pdb' con 'jpeg.lib(jcomapi.obj)' o en 'D:\Programacion de Graficos I\Allegro-Pong-Abecasis\Allegro-Pong-Abecasis\Release\jpeg.pdb'; se vinculará el objeto sin tener en cuenta información de depuración
jpeg.lib(jcparam.obj) : warning LNK4099: no se encontró PDB 'jpeg.pdb' con 'jpeg.lib(jcparam.obj)' o en 'D:\Programacion de Graficos I\Allegro-Pong-Abecasis\Allegro-Pong-Abecasis\Release\jpeg.pdb'; se vinculará el objeto sin tener en cuenta información de depuración
jpeg.lib(jcphuff.obj) : warning LNK4099: no se encontró PDB 'jpeg.pdb' con 'jpeg.lib(jcphuff.obj)' o en 'D:\Programacion de Graficos I\Allegro-Pong-Abecasis\Allegro-Pong-Abecasis\Release\jpeg.pdb'; se vinculará el objeto sin tener en cuenta información de depuración
jpeg.lib(jcprepct.obj) : warning LNK4099: no se encontró PDB 'jpeg.pdb' con 'jpeg.lib(jcprepct.obj)' o en 'D:\Programacion de Graficos I\Allegro-Pong-Abecasis\Allegro-Pong-Abecasis\Release\jpeg.pdb'; se vinculará el objeto sin tener en cuenta información de depuración
jpeg.lib(jcsample.obj) : warning LNK4099: no se encontró PDB 'jpeg.pdb' con 'jpeg.lib(jcsample.obj)' o en 'D:\Programacion de Graficos I\Allegro-Pong-Abecasis\Allegro-Pong-Abecasis\Release\jpeg.pdb'; se vinculará el objeto sin tener en cuenta información de depuración
jpeg.lib(jdapimin.obj) : warning LNK4099: no se encontró PDB 'jpeg.pdb' con 'jpeg.lib(jdapimin.obj)' o en 'D:\Programacion de Graficos I\Allegro-Pong-Abecasis\Allegro-Pong-Abecasis\Release\jpeg.pdb'; se vinculará el objeto sin tener en cuenta información de depuración
jpeg.lib(jdapistd.obj) : warning LNK4099: no se encontró PDB 'jpeg.pdb' con 'jpeg.lib(jdapistd.obj)' o en 'D:\Programacion de Graficos I\Allegro-Pong-Abecasis\Allegro-Pong-Abecasis\Release\jpeg.pdb'; se vinculará el objeto sin tener en cuenta información de depuración
jpeg.lib(jdcoefct.obj) : warning LNK4099: no se encontró PDB 'jpeg.pdb' con 'jpeg.lib(jdcoefct.obj)' o en 'D:\Programacion de Graficos I\Allegro-Pong-Abecasis\Allegro-Pong-Abecasis\Release\jpeg.pdb'; se vinculará el objeto sin tener en cuenta información de depuración
jpeg.lib(jdcolor.obj) : warning LNK4099: no se encontró PDB 'jpeg.pdb' con 'jpeg.lib(jdcolor.obj)' o en 'D:\Programacion de Graficos I\Allegro-Pong-Abecasis\Allegro-Pong-Abecasis\Release\jpeg.pdb'; se vinculará el objeto sin tener en cuenta información de depuración
jpeg.lib(jddctmgr.obj) : warning LNK4099: no se encontró PDB 'jpeg.pdb' con 'jpeg.lib(jddctmgr.obj)' o en 'D:\Programacion de Graficos I\Allegro-Pong-Abecasis\Allegro-Pong-Abecasis\Release\jpeg.pdb'; se vinculará el objeto sin tener en cuenta información de depuración
jpeg.lib(jdhuff.obj) : warning LNK4099: no se encontró PDB 'jpeg.pdb' con 'jpeg.lib(jdhuff.obj)' o en 'D:\Programacion de Graficos I\Allegro-Pong-Abecasis\Allegro-Pong-Abecasis\Release\jpeg.pdb'; se vinculará el objeto sin tener en cuenta información de depuración
jpeg.lib(jdinput.obj) : warning LNK4099: no se encontró PDB 'jpeg.pdb' con 'jpeg.lib(jdinput.obj)' o en 'D:\Programacion de Graficos I\Allegro-Pong-Abecasis\Allegro-Pong-Abecasis\Release\jpeg.pdb'; se vinculará el objeto sin tener en cuenta información de depuración
jpeg.lib(jdmainct.obj) : warning LNK4099: no se encontró PDB 'jpeg.pdb' con 'jpeg.lib(jdmainct.obj)' o en 'D:\Programacion de Graficos I\Allegro-Pong-Abecasis\Allegro-Pong-Abecasis\Release\jpeg.pdb'; se vinculará el objeto sin tener en cuenta información de depuración
jpeg.lib(jdmarker.obj) : warning LNK4099: no se encontró PDB 'jpeg.pdb' con 'jpeg.lib(jdmarker.obj)' o en 'D:\Programacion de Graficos I\Allegro-Pong-Abecasis\Allegro-Pong-Abecasis\Release\jpeg.pdb'; se vinculará el objeto sin tener en cuenta información de depuración
jpeg.lib(jdmaster.obj) : warning LNK4099: no se encontró PDB 'jpeg.pdb' con 'jpeg.lib(jdmaster.obj)' o en 'D:\Programacion de Graficos I\Allegro-Pong-Abecasis\Allegro-Pong-Abecasis\Release\jpeg.pdb'; se vinculará el objeto sin tener en cuenta información de depuración
jpeg.lib(jdmerge.obj) : warning LNK4099: no se encontró PDB 'jpeg.pdb' con 'jpeg.lib(jdmerge.obj)' o en 'D:\Programacion de Graficos I\Allegro-Pong-Abecasis\Allegro-Pong-Abecasis\Release\jpeg.pdb'; se vinculará el objeto sin tener en cuenta información de depuración
jpeg.lib(jdphuff.obj) : warning LNK4099: no se encontró PDB 'jpeg.pdb' con 'jpeg.lib(jdphuff.obj)' o en 'D:\Programacion de Graficos I\Allegro-Pong-Abecasis\Allegro-Pong-Abecasis\Release\jpeg.pdb'; se vinculará el objeto sin tener en cuenta información de depuración
jpeg.lib(jdpostct.obj) : warning LNK4099: no se encontró PDB 'jpeg.pdb' con 'jpeg.lib(jdpostct.obj)' o en 'D:\Programacion de Graficos I\Allegro-Pong-Abecasis\Allegro-Pong-Abecasis\Release\jpeg.pdb'; se vinculará el objeto sin tener en cuenta información de depuración
jpeg.lib(jdsample.obj) : warning LNK4099: no se encontró PDB 'jpeg.pdb' con 'jpeg.lib(jdsample.obj)' o en 'D:\Programacion de Graficos I\Allegro-Pong-Abecasis\Allegro-Pong-Abecasis\Release\jpeg.pdb'; se vinculará el objeto sin tener en cuenta información de depuración
jpeg.lib(jerror.obj) : warning LNK4099: no se encontró PDB 'jpeg.pdb' con 'jpeg.lib(jerror.obj)' o en 'D:\Programacion de Graficos I\Allegro-Pong-Abecasis\Allegro-Pong-Abecasis\Release\jpeg.pdb'; se vinculará el objeto sin tener en cuenta información de depuración
jpeg.lib(jfdctflt.obj) : warning LNK4099: no se encontró PDB 'jpeg.pdb' con 'jpeg.lib(jfdctflt.obj)' o en 'D:\Programacion de Graficos I\Allegro-Pong-Abecasis\Allegro-Pong-Abecasis\Release\jpeg.pdb'; se vinculará el objeto sin tener en cuenta información de depuración
jpeg.lib(jfdctfst.obj) : warning LNK4099: no se encontró PDB 'jpeg.pdb' con 'jpeg.lib(jfdctfst.obj)' o en 'D:\Programacion de Graficos I\Allegro-Pong-Abecasis\Allegro-Pong-Abecasis\Release\jpeg.pdb'; se vinculará el objeto sin tener en cuenta información de depuración
jpeg.lib(jfdctint.obj) : warning LNK4099: no se encontró PDB 'jpeg.pdb' con 'jpeg.lib(jfdctint.obj)' o en 'D:\Programacion de Graficos I\Allegro-Pong-Abecasis\Allegro-Pong-Abecasis\Release\jpeg.pdb'; se vinculará el objeto sin tener en cuenta información de depuración
jpeg.lib(jidctflt.obj) : warning LNK4099: no se encontró PDB 'jpeg.pdb' con 'jpeg.lib(jidctflt.obj)' o en 'D:\Programacion de Graficos I\Allegro-Pong-Abecasis\Allegro-Pong-Abecasis\Release\jpeg.pdb'; se vinculará el objeto sin tener en cuenta información de depuración
jpeg.lib(jidctfst.obj) : warning LNK4099: no se encontró PDB 'jpeg.pdb' con 'jpeg.lib(jidctfst.obj)' o en 'D:\Programacion de Graficos I\Allegro-Pong-Abecasis\Allegro-Pong-Abecasis\Release\jpeg.pdb'; se vinculará el objeto sin tener en cuenta información de depuración
jpeg.lib(jidctint.obj) : warning LNK4099: no se encontró PDB 'jpeg.pdb' con 'jpeg.lib(jidctint.obj)' o en 'D:\Programacion de Graficos I\Allegro-Pong-Abecasis\Allegro-Pong-Abecasis\Release\jpeg.pdb'; se vinculará el objeto sin tener en cuenta información de depuración
jpeg.lib(jidctred.obj) : warning LNK4099: no se encontró PDB 'jpeg.pdb' con 'jpeg.lib(jidctred.obj)' o en 'D:\Programacion de Graficos I\Allegro-Pong-Abecasis\Allegro-Pong-Abecasis\Release\jpeg.pdb'; se vinculará el objeto sin tener en cuenta información de depuración
jpeg.lib(jquant1.obj) : warning LNK4099: no se encontró PDB 'jpeg.pdb' con 'jpeg.lib(jquant1.obj)' o en 'D:\Programacion de Graficos I\Allegro-Pong-Abecasis\Allegro-Pong-Abecasis\Release\jpeg.pdb'; se vinculará el objeto sin tener en cuenta información de depuración
jpeg.lib(jquant2.obj) : warning LNK4099: no se encontró PDB 'jpeg.pdb' con 'jpeg.lib(jquant2.obj)' o en 'D:\Programacion de Graficos I\Allegro-Pong-Abecasis\Allegro-Pong-Abecasis\Release\jpeg.pdb'; se vinculará el objeto sin tener en cuenta información de depuración
jpeg.lib(jutils.obj) : warning LNK4099: no se encontró PDB 'jpeg.pdb' con 'jpeg.lib(jutils.obj)' o en 'D:\Programacion de Graficos I\Allegro-Pong-Abecasis\Allegro-Pong-Abecasis\Release\jpeg.pdb'; se vinculará el objeto sin tener en cuenta información de depuración
jpeg.lib(jmemmgr.obj) : warning LNK4099: no se encontró PDB 'jpeg.pdb' con 'jpeg.lib(jmemmgr.obj)' o en 'D:\Programacion de Graficos I\Allegro-Pong-Abecasis\Allegro-Pong-Abecasis\Release\jpeg.pdb'; se vinculará el objeto sin tener en cuenta información de depuración
jpeg.lib(jmemnobs.obj) : warning LNK4099: no se encontró PDB 'jpeg.pdb' con 'jpeg.lib(jmemnobs.obj)' o en 'D:\Programacion de Graficos I\Allegro-Pong-Abecasis\Allegro-Pong-Abecasis\Release\jpeg.pdb'; se vinculará el objeto sin tener en cuenta información de depuración
jpeg.lib(jaricom.obj) : warning LNK4099: no se encontró PDB 'jpeg.pdb' con 'jpeg.lib(jaricom.obj)' o en 'D:\Programacion de Graficos I\Allegro-Pong-Abecasis\Allegro-Pong-Abecasis\Release\jpeg.pdb'; se vinculará el objeto sin tener en cuenta información de depuración
jpeg.lib(jcarith.obj) : warning LNK4099: no se encontró PDB 'jpeg.pdb' con 'jpeg.lib(jcarith.obj)' o en 'D:\Programacion de Graficos I\Allegro-Pong-Abecasis\Allegro-Pong-Abecasis\Release\jpeg.pdb'; se vinculará el objeto sin tener en cuenta información de depuración
jpeg.lib(jdarith.obj) : warning LNK4099: no se encontró PDB 'jpeg.pdb' con 'jpeg.lib(jdarith.obj)' o en 'D:\Programacion de Graficos I\Allegro-Pong-Abecasis\Allegro-Pong-Abecasis\Release\jpeg.pdb'; se vinculará el objeto sin tener en cuenta información de depuración
jpeg.lib(jsimd_i386.obj) : warning LNK4099: no se encontró PDB 'jpeg.pdb' con 'jpeg.lib(jsimd_i386.obj)' o en 'D:\Programacion de Graficos I\Allegro-Pong-Abecasis\Allegro-Pong-Abecasis\Release\jpeg.pdb'; se vinculará el objeto sin tener en cuenta información de depuración
zlib.lib(adler32.obj) : warning LNK4099: no se encontró PDB 'zlib.pdb' con 'zlib.lib(adler32.obj)' o en 'D:\Programacion de Graficos I\Allegro-Pong-Abecasis\Allegro-Pong-Abecasis\Release\zlib.pdb'; se vinculará el objeto sin tener en cuenta información de depuración
zlib.lib(crc32.obj) : warning LNK4099: no se encontró PDB 'zlib.pdb' con 'zlib.lib(crc32.obj)' o en 'D:\Programacion de Graficos I\Allegro-Pong-Abecasis\Allegro-Pong-Abecasis\Release\zlib.pdb'; se vinculará el objeto sin tener en cuenta información de depuración
zlib.lib(deflate.obj) : warning LNK4099: no se encontró PDB 'zlib.pdb' con 'zlib.lib(deflate.obj)' o en 'D:\Programacion de Graficos I\Allegro-Pong-Abecasis\Allegro-Pong-Abecasis\Release\zlib.pdb'; se vinculará el objeto sin tener en cuenta información de depuración
zlib.lib(inflate.obj) : warning LNK4099: no se encontró PDB 'zlib.pdb' con 'zlib.lib(inflate.obj)' o en 'D:\Programacion de Graficos I\Allegro-Pong-Abecasis\Allegro-Pong-Abecasis\Release\zlib.pdb'; se vinculará el objeto sin tener en cuenta información de depuración
zlib.lib(inftrees.obj) : warning LNK4099: no se encontró PDB 'zlib.pdb' con 'zlib.lib(inftrees.obj)' o en 'D:\Programacion de Graficos I\Allegro-Pong-Abecasis\Allegro-Pong-Abecasis\Release\zlib.pdb'; se vinculará el objeto sin tener en cuenta información de depuración
zlib.lib(inffast.obj) : warning LNK4099: no se encontró PDB 'zlib.pdb' con 'zlib.lib(inffast.obj)' o en 'D:\Programacion de Graficos I\Allegro-Pong-Abecasis\Allegro-Pong-Abecasis\Release\zlib.pdb'; se vinculará el objeto sin tener en cuenta información de depuración
zlib.lib(trees.obj) : warning LNK4099: no se encontró PDB 'zlib.pdb' con 'zlib.lib(trees.obj)' o en 'D:\Programacion de Graficos I\Allegro-Pong-Abecasis\Allegro-Pong-Abecasis\Release\zlib.pdb'; se vinculará el objeto sin tener en cuenta información de depuración
zlib.lib(zutil.obj) : warning LNK4099: no se encontró PDB 'zlib.pdb' con 'zlib.lib(zutil.obj)' o en 'D:\Programacion de Graficos I\Allegro-Pong-Abecasis\Allegro-Pong-Abecasis\Release\zlib.pdb'; se vinculará el objeto sin tener en cuenta información de depuración
  Pong.vcxproj -> D:\Programacion de Graficos I\Allegro-Pong-Abecasis\Allegro-Pong-Abecasis\Release\Pong.exe
  Pong.vcxproj -> D:\Programacion de Graficos I\Allegro-Pong-Abecasis\Allegro-Pong-Abecasis\Release\Pong.pdb (Full PDB)
